\BOOKMARK [1][-]{section.1}{Gin-Based}{}% 1
\BOOKMARK [2][-]{subsection.1.1}{Dry Martini }{section.1}% 2
\BOOKMARK [2][-]{subsection.1.2}{Saketini}{section.1}% 3
\BOOKMARK [2][-]{subsection.1.3}{White Lady \(Japanese\)}{section.1}% 4
\BOOKMARK [2][-]{subsection.1.4}{White Lady \(European Original\) }{section.1}% 5
\BOOKMARK [2][-]{subsection.1.5}{Pink Lady}{section.1}% 6
\BOOKMARK [2][-]{subsection.1.6}{Classic Pink Lady}{section.1}% 7
\BOOKMARK [2][-]{subsection.1.7}{Waikiki Beachcomber}{section.1}% 8
\BOOKMARK [2][-]{subsection.1.8}{Hawaiian}{section.1}% 9
\BOOKMARK [2][-]{subsection.1.9}{Wallick}{section.1}% 10
\BOOKMARK [2][-]{subsection.1.10}{A1 }{section.1}% 11
\BOOKMARK [2][-]{subsection.1.11}{Rosenkavalier }{section.1}% 12
\BOOKMARK [2][-]{subsection.1.12}{Silver Bullet}{section.1}% 13
\BOOKMARK [2][-]{subsection.1.13}{Grenadine Fizz}{section.1}% 14
\BOOKMARK [2][-]{subsection.1.14}{Negroni}{section.1}% 15
\BOOKMARK [2][-]{subsection.1.15}{Nightmare of Red}{section.1}% 16
\BOOKMARK [2][-]{subsection.1.16}{Queen Elizabeth II}{section.1}% 17
\BOOKMARK [2][-]{subsection.1.17}{Gin Tonic}{section.1}% 18
\BOOKMARK [2][-]{subsection.1.18}{Gimlet}{section.1}% 19
\BOOKMARK [2][-]{subsection.1.19}{Pink Pussycat }{section.1}% 20
\BOOKMARK [1][-]{section.2}{Vodka-Based}{}% 21
\BOOKMARK [2][-]{subsection.2.1}{Moscow Mule}{section.2}% 22
\BOOKMARK [2][-]{subsection.2.2}{Vodka Gimlet}{section.2}% 23
\BOOKMARK [2][-]{subsection.2.3}{Kamikaze}{section.2}% 24
\BOOKMARK [2][-]{subsection.2.4}{Tovarisch}{section.2}% 25
\BOOKMARK [2][-]{subsection.2.5}{Screwdriver}{section.2}% 26
\BOOKMARK [2][-]{subsection.2.6}{Italian Champagne}{section.2}% 27
\BOOKMARK [2][-]{subsection.2.7}{Yukiguni}{section.2}% 28
\BOOKMARK [2][-]{subsection.2.8}{Salty Dog}{section.2}% 29
\BOOKMARK [2][-]{subsection.2.9}{Balalaika}{section.2}% 30
\BOOKMARK [1][-]{section.3}{Tequila-Based}{}% 31
\BOOKMARK [2][-]{subsection.3.1}{Margarita}{section.3}% 32
\BOOKMARK [2][-]{subsection.3.2}{Frozen Margarita}{section.3}% 33
\BOOKMARK [2][-]{subsection.3.3}{Ice Breaker}{section.3}% 34
\BOOKMARK [2][-]{subsection.3.4}{French Cactus}{section.3}% 35
\BOOKMARK [2][-]{subsection.3.5}{Conchita}{section.3}% 36
\BOOKMARK [2][-]{subsection.3.6}{Cyclamen}{section.3}% 37
\BOOKMARK [2][-]{subsection.3.7}{Tequila Sunrise}{section.3}% 38
\BOOKMARK [2][-]{subsection.3.8}{Broadway Thirst}{section.3}% 39
\BOOKMARK [2][-]{subsection.3.9}{Matador }{section.3}% 40
\BOOKMARK [2][-]{subsection.3.10}{Tequila Daisy}{section.3}% 41
\BOOKMARK [2][-]{subsection.3.11}{Mexican}{section.3}% 42
\BOOKMARK [2][-]{subsection.3.12}{El Dorado}{section.3}% 43
\BOOKMARK [2][-]{subsection.3.13}{Tequila Sunstroke}{section.3}% 44
\BOOKMARK [2][-]{subsection.3.14}{Tequila Martini}{section.3}% 45
\BOOKMARK [1][-]{section.4}{Rum-Based}{}% 46
\BOOKMARK [2][-]{subsection.4.1}{Bacardi}{section.4}% 47
\BOOKMARK [2][-]{subsection.4.2}{Larchmont}{section.4}% 48
\BOOKMARK [2][-]{subsection.4.3}{Tonga Punch}{section.4}% 49
\BOOKMARK [2][-]{subsection.4.4}{Daiquiri}{section.4}% 50
\BOOKMARK [2][-]{subsection.4.5}{Acapulco \(Japanese\)}{section.4}% 51
\BOOKMARK [2][-]{subsection.4.6}{El Presidente \(Japanese\)}{section.4}% 52
\BOOKMARK [2][-]{subsection.4.7}{El Presidente \(Cuban Original\)}{section.4}% 53
\BOOKMARK [2][-]{subsection.4.8}{XYZ}{section.4}% 54
\BOOKMARK [2][-]{subsection.4.9}{Mojito }{section.4}% 55
\BOOKMARK [1][-]{section.5}{Sake-Based}{}% 56
\BOOKMARK [2][-]{subsection.5.1}{Smurai \(侍\)}{section.5}% 57
\BOOKMARK [2][-]{subsection.5.2}{Sakenic}{section.5}% 58
\BOOKMARK [2][-]{subsection.5.3}{Sake Sour}{section.5}% 59
\BOOKMARK [2][-]{subsection.5.4}{Nadeshiko \(撫子\)}{section.5}% 60
\BOOKMARK [2][-]{subsection.5.5}{Seiryu \(清流\)}{section.5}% 61
\BOOKMARK [2][-]{subsection.5.6}{Sake-Yogurt}{section.5}% 62
\BOOKMARK [2][-]{subsection.5.7}{Yogurt-Pine}{section.5}% 63
\BOOKMARK [2][-]{subsection.5.8}{Shirayukihime \(白雪姫, Snow White\)}{section.5}% 64
\BOOKMARK [2][-]{subsection.5.9}{Salty Grapefruit}{section.5}% 65
\BOOKMARK [2][-]{subsection.5.10}{Orange Breeze}{section.5}% 66
\BOOKMARK [2][-]{subsection.5.11}{Saquerinha}{section.5}% 67
\BOOKMARK [2][-]{subsection.5.12}{Sake Champagne Mojito}{section.5}% 68
\BOOKMARK [1][-]{section.6}{Others}{}% 69
\BOOKMARK [2][-]{subsection.6.1}{Acapulco \(Mexican Original\)}{section.6}% 70
\BOOKMARK [2][-]{subsection.6.2}{Vermouth-Cura=\347ao}{section.6}% 71
\BOOKMARK [2][-]{subsection.6.3}{Beretta}{section.6}% 72
\BOOKMARK [2][-]{subsection.6.4}{Americano}{section.6}% 73
\BOOKMARK [2][-]{subsection.6.5}{Spumoni}{section.6}% 74
\BOOKMARK [2][-]{subsection.6.6}{Pinkey Sour}{section.6}% 75
\BOOKMARK [2][-]{subsection.6.7}{Long Island Icetea}{section.6}% 76
\BOOKMARK [2][-]{subsection.6.8}{Zeus}{section.6}% 77
\BOOKMARK [1][-]{section.7}{Non-alcohol}{}% 78
\BOOKMARK [2][-]{subsection.7.1}{Cinderella}{section.7}% 79
\BOOKMARK [2][-]{subsection.7.2}{Fruit Punch}{section.7}% 80
\BOOKMARK [2][-]{subsection.7.3}{Shirley Temple}{section.7}% 81
\BOOKMARK [2][-]{subsection.7.4}{Saratoga Cooler \(Non-Alcohol Moscow Mule\)}{section.7}% 82
\BOOKMARK [2][-]{subsection.7.5}{Virgin Mojito}{section.7}% 83
\BOOKMARK [2][-]{subsection.7.6}{Summer Delight}{section.7}% 84
\BOOKMARK [2][-]{subsection.7.7}{Pussycat}{section.7}% 85
\BOOKMARK [2][-]{subsection.7.8}{Virgin Strawberry Daiquiri}{section.7}% 86
