This is e-pTeX, Version 3.14159265-p3.8.2-190131-2.6 (utf8.euc) (TeX Live 2019/MacPorts 2019.50896_0) (preloaded format=platex 2019.7.25)  28 SEP 2019 15:01
entering extended mode
 \write18 enabled.
 file:line:error style messages enabled.
 %&-line parsing enabled.
**CocktailRecipe.tex
(./CocktailRecipe.tex
pLaTeX2e <2019-04-06> (based on LaTeX2e <2018-12-01>)
(/opt/local/share/texmf-texlive/tex/latex/base/article.cls
Document Class: article 2018/09/03 v1.4i Standard LaTeX document class
(/opt/local/share/texmf-texlive/tex/latex/base/size11.clo
File: size11.clo 2018/09/03 v1.4i Standard LaTeX file (size option)
)
\c@part=\count83
\c@section=\count84
\c@subsection=\count85
\c@subsubsection=\count86
\c@paragraph=\count87
\c@subparagraph=\count88
\c@figure=\count89
\c@table=\count90
\abovecaptionskip=\skip41
\belowcaptionskip=\skip42
\bibindent=\dimen118
) (./NewCommands.tex
(/opt/local/share/texmf-texlive/tex/latex/amsmath/amsmath.sty
Package: amsmath 2018/12/01 v2.17b AMS math features
\@mathmargin=\skip43

For additional information on amsmath, use the `?' option.
(/opt/local/share/texmf-texlive/tex/latex/amsmath/amstext.sty
Package: amstext 2000/06/29 v2.01 AMS text

(/opt/local/share/texmf-texlive/tex/latex/amsmath/amsgen.sty
File: amsgen.sty 1999/11/30 v2.0 generic functions
\@emptytoks=\toks15
\ex@=\dimen119
))
(/opt/local/share/texmf-texlive/tex/latex/amsmath/amsbsy.sty
Package: amsbsy 1999/11/29 v1.2d Bold Symbols
\pmbraise@=\dimen120
)
(/opt/local/share/texmf-texlive/tex/latex/amsmath/amsopn.sty
Package: amsopn 2016/03/08 v2.02 operator names
)
\inf@bad=\count91
LaTeX Info: Redefining \frac on input line 223.
\uproot@=\count92
\leftroot@=\count93
LaTeX Info: Redefining \overline on input line 385.
\classnum@=\count94
\DOTSCASE@=\count95
LaTeX Info: Redefining \ldots on input line 482.
LaTeX Info: Redefining \dots on input line 485.
LaTeX Info: Redefining \cdots on input line 606.
\Mathstrutbox@=\box43
\strutbox@=\box44
\big@size=\dimen121
LaTeX Font Info:    Redeclaring font encoding OML on input line 729.
LaTeX Font Info:    Redeclaring font encoding OMS on input line 730.
\macc@depth=\count96
\c@MaxMatrixCols=\count97
\dotsspace@=\muskip10
\c@parentequation=\count98
\dspbrk@lvl=\count99
\tag@help=\toks16
\row@=\count100
\column@=\count101
\maxfields@=\count102
\andhelp@=\toks17
\eqnshift@=\dimen122
\alignsep@=\dimen123
\tagshift@=\dimen124
\tagwidth@=\dimen125
\totwidth@=\dimen126
\lineht@=\dimen127
\@envbody=\toks18
\multlinegap=\skip44
\multlinetaggap=\skip45
\mathdisplay@stack=\toks19
LaTeX Info: Redefining \[ on input line 2844.
LaTeX Info: Redefining \] on input line 2845.
)
(/opt/local/share/texmf-texlive/tex/latex/amsfonts/amssymb.sty
Package: amssymb 2013/01/14 v3.01 AMS font symbols

(/opt/local/share/texmf-texlive/tex/latex/amsfonts/amsfonts.sty
Package: amsfonts 2013/01/14 v3.01 Basic AMSFonts support
\symAMSa=\mathgroup4
\symAMSb=\mathgroup5
LaTeX Font Info:    Overwriting math alphabet `\mathfrak' in version `bold'
(Font)                  U/euf/m/n --> U/euf/b/n on input line 106.
))
(/opt/local/share/texmf-texlive/tex/latex/stackengine/stackengine.sty
Package: stackengine 2017/02/13 v4.01\ Stacking text and objects in convenient 
ways

(/opt/local/share/texmf-texlive/tex/latex/etoolbox/etoolbox.sty
Package: etoolbox 2018/08/19 v2.5f e-TeX tools for LaTeX (JAW)
\etb@tempcnta=\count103
)
(/opt/local/share/texmf-texlive/tex/generic/listofitems/listofitems.sty
(/opt/local/share/texmf-texlive/tex/generic/listofitems/listofitems.tex
\loi_cnt_foreach_nest=\count104
\loi_nestcnt=\count105
)
Package: listofitems 2019/03/03 v1.61 Grab items in lists using user-specified 
sep char (CT)
)
(/opt/local/share/texmf-texlive/tex/latex/tools/calc.sty
Package: calc 2017/05/25 v4.3 Infix arithmetic (KKT,FJ)
\calc@Acount=\count106
\calc@Bcount=\count107
\calc@Adimen=\dimen128
\calc@Bdimen=\dimen129
\calc@Askip=\skip46
\calc@Bskip=\skip47
LaTeX Info: Redefining \setlength on input line 80.
LaTeX Info: Redefining \addtolength on input line 81.
\calc@Ccount=\count108
\calc@Cskip=\skip48
)
\c@@stackindex=\count109
\@boxshift=\skip49
\stack@tmplength=\skip50
\temp@stkl=\skip51
\@stackedboxwidth=\skip52
\@addedbox=\box45
\@anchorbox=\box46
\stackedbox=\box47
\@centerbox=\box48
\c@ROWcellindex@=\count110
)
(/opt/local/share/texmf-texlive/tex/latex/scalerel/scalerel.sty
Package: scalerel 2016/12/29 v1.8 Routines for constrained scaling and stretchi
ng of objects, relative to a reference object or in absolute terms

(/opt/local/share/texmf-texlive/tex/latex/graphics/graphicx.sty
Package: graphicx 2017/06/01 v1.1a Enhanced LaTeX Graphics (DPC,SPQR)

(/opt/local/share/texmf-texlive/tex/latex/graphics/keyval.sty
Package: keyval 2014/10/28 v1.15 key=value parser (DPC)
\KV@toks@=\toks20
)
(/opt/local/share/texmf-texlive/tex/latex/graphics/graphics.sty
Package: graphics 2017/06/25 v1.2c Standard LaTeX Graphics (DPC,SPQR)

(/opt/local/share/texmf-texlive/tex/latex/graphics/trig.sty
Package: trig 2016/01/03 v1.10 sin cos tan (DPC)
)
(/opt/local/share/texmf-texlive/tex/latex/graphics-cfg/graphics.cfg
File: graphics.cfg 2016/06/04 v1.11 sample graphics configuration
)
Package graphics Info: Driver file: dvipdfmx.def on input line 99.

(/opt/local/share/texmf-texlive/tex/latex/graphics-def/dvipdfmx.def
File: dvipdfmx.def 2017/06/24 v5.0g Graphics/color driver for dvipdfmx
))
\Gin@req@height=\dimen130
\Gin@req@width=\dimen131
)
\thesrwidth=\skip53
\thesrheight=\skip54
\srblobheight=\skip55
\srblobdepth=\skip56
\mnxsrwidth=\skip57
\LMex=\skip58
\LMpt=\skip59
)
(/opt/local/share/texmf-texlive/tex/latex/xcolor/xcolor.sty
Package: xcolor 2016/05/11 v2.12 LaTeX color extensions (UK)

(/opt/local/share/texmf-texlive/tex/latex/graphics-cfg/color.cfg
File: color.cfg 2016/01/02 v1.6 sample color configuration
)
Package xcolor Info: Driver file: dvipdfmx.def on input line 225.
Package xcolor Info: Model `cmy' substituted by `cmy0' on input line 1348.
Package xcolor Info: Model `RGB' extended on input line 1364.
Package xcolor Info: Model `HTML' substituted by `rgb' on input line 1366.
Package xcolor Info: Model `Hsb' substituted by `hsb' on input line 1367.
Package xcolor Info: Model `tHsb' substituted by `hsb' on input line 1368.
Package xcolor Info: Model `HSB' substituted by `hsb' on input line 1369.
Package xcolor Info: Model `Gray' substituted by `gray' on input line 1370.
Package xcolor Info: Model `wave' substituted by `hsb' on input line 1371.
)
(/opt/local/share/texmf-texlive/tex/latex/here/here.sty)
(/opt/local/share/texmf-texlive/tex/latex/float/float.sty
Package: float 2001/11/08 v1.3d Float enhancements (AL)
\c@float@type=\count111
\float@exts=\toks21
\float@box=\box49
\@float@everytoks=\toks22
\@floatcapt=\box50
)
(/opt/local/share/texmf-texlive/tex/latex/jknapltx/mathrsfs.sty
Package: mathrsfs 1996/01/01 Math RSFS package v1.0 (jk)
\symrsfs=\mathgroup6
)
(/opt/local/share/texmf-texlive/tex/latex/setspace/setspace.sty
Package: setspace 2011/12/19 v6.7a set line spacing
)
(/opt/local/share/texmf-texlive/tex/latex/wrapfig/wrapfig.sty
\wrapoverhang=\dimen132
\WF@size=\dimen133
\c@WF@wrappedlines=\count112
\WF@box=\box51
\WF@everypar=\toks23
Package: wrapfig 2003/01/31  v 3.6
)
(/opt/local/share/texmf-texlive/tex/latex/fancyhdr/fancyhdr.sty
Package: fancyhdr 2019/01/31 v3.10 Extensive control of page headers and footer
s
\f@nch@headwidth=\skip60
\f@nch@O@elh=\skip61
\f@nch@O@erh=\skip62
\f@nch@O@olh=\skip63
\f@nch@O@orh=\skip64
\f@nch@O@elf=\skip65
\f@nch@O@erf=\skip66
\f@nch@O@olf=\skip67
\f@nch@O@orf=\skip68
)
(/opt/local/share/texmf-texlive/tex/latex/oberdiek/grffile.sty
Package: grffile 2017/06/30 v1.18 Extended file name support for graphics (HO)

(/opt/local/share/texmf-texlive/tex/generic/oberdiek/ifpdf.sty
Package: ifpdf 2018/09/07 v3.3 Provides the ifpdf switch
)
(/opt/local/share/texmf-texlive/tex/generic/ifxetex/ifxetex.sty
Package: ifxetex 2010/09/12 v0.6 Provides ifxetex conditional
)
(/opt/local/share/texmf-texlive/tex/latex/oberdiek/kvoptions.sty
Package: kvoptions 2016/05/16 v3.12 Key value format for package options (HO)

(/opt/local/share/texmf-texlive/tex/generic/oberdiek/ltxcmds.sty
Package: ltxcmds 2016/05/16 v1.23 LaTeX kernel commands for general use (HO)
)
(/opt/local/share/texmf-texlive/tex/generic/oberdiek/kvsetkeys.sty
Package: kvsetkeys 2016/05/16 v1.17 Key value parser (HO)

(/opt/local/share/texmf-texlive/tex/generic/oberdiek/infwarerr.sty
Package: infwarerr 2016/05/16 v1.4 Providing info/warning/error messages (HO)
)
(/opt/local/share/texmf-texlive/tex/generic/oberdiek/etexcmds.sty
Package: etexcmds 2016/05/16 v1.6 Avoid name clashes with e-TeX commands (HO)

(/opt/local/share/texmf-texlive/tex/generic/oberdiek/ifluatex.sty
Package: ifluatex 2016/05/16 v1.4 Provides the ifluatex switch (HO)
Package ifluatex Info: LuaTeX not detected.
))))
(/opt/local/share/texmf-texlive/tex/generic/oberdiek/pdftexcmds.sty
Package: pdftexcmds 2018/09/10 v0.29 Utility functions of pdfTeX for LuaTeX (HO
)
Package pdftexcmds Info: LuaTeX not detected.
Package pdftexcmds Info: pdfTeX >= 1.30 not detected.
Package pdftexcmds Info: \pdf@primitive is available.
Package pdftexcmds Info: \pdf@ifprimitive is available.
Package pdftexcmds Info: \pdfdraftmode not found.
)
Package grffile Info: Option `multidot' is set to `true'.
Package grffile Info: Option `extendedchars' is set to `false'.
Package grffile Info: Option `space' is set to `false'.
Package grffile Info: \Gin@ii of package `graphicx' fixed on input line 494.
)
(/opt/local/share/texmf-texlive/tex/latex/subfigure/subfigure.sty
Package: subfigure 2002/03/15 v2.1.5 subfigure package
\subfigtopskip=\skip69
\subfigcapskip=\skip70
\subfigcaptopadj=\dimen134
\subfigbottomskip=\skip71
\subfigcapmargin=\dimen135
\subfiglabelskip=\skip72
\c@subfigure=\count113
\c@lofdepth=\count114
\c@subtable=\count115
\c@lotdepth=\count116

****************************************
* Local config file subfigure.cfg used *
****************************************
(/opt/local/share/texmf-texlive/tex/latex/subfigure/subfigure.cfg)
\subfig@top=\skip73
\subfig@bottom=\skip74
)
(/opt/local/share/texmf-texlive/tex/latex/ascmac/ascmac.sty
Package: ascmac 2018/03/09 v2.0h ascmac wrapper (community edition) 

(/opt/local/share/texmf-texlive/tex/latex/ascmac/tascmac.sty
Package: tascmac 2018/03/09 v2.0h ascmac package (community edition) 
\@savetbaselineshift=\dimen136
\@saveybaselineshift=\dimen137
\scb@x=\box52
\scscb@x=\box53
\@bw=\dimen138
\@nbox=\box54
\@nbody=\box55
\@scw=\dimen139
\ascmac@hoboxa=\box56
\ascmac@hoboxb=\box57
\@itemh=\dimen140
\@iboxpos=\toks24
\@iboxstr=\box58
\@bwsp=\box59
\@@bwsp=\box60
\@bcal=\count117
\shaderule=\dimen141
)))
(./CocktailRecipe.aux)
\openout1 = `CocktailRecipe.aux'.

LaTeX Font Info:    Checking defaults for OML/cmm/m/it on input line 9.
LaTeX Font Info:    ... okay on input line 9.
LaTeX Font Info:    Checking defaults for T1/cmr/m/n on input line 9.
LaTeX Font Info:    ... okay on input line 9.
LaTeX Font Info:    Checking defaults for OT1/cmr/m/n on input line 9.
LaTeX Font Info:    ... okay on input line 9.
LaTeX Font Info:    Checking defaults for OMS/cmsy/m/n on input line 9.
LaTeX Font Info:    ... okay on input line 9.
LaTeX Font Info:    Checking defaults for OMX/cmex/m/n on input line 9.
LaTeX Font Info:    ... okay on input line 9.
LaTeX Font Info:    Checking defaults for U/cmr/m/n on input line 9.
LaTeX Font Info:    ... okay on input line 9.
LaTeX Font Info:    Checking defaults for JY1/mc/m/n on input line 9.
LaTeX Font Info:    ... okay on input line 9.
LaTeX Font Info:    Checking defaults for JT1/mc/m/n on input line 9.
LaTeX Font Info:    ... okay on input line 9.
LaTeX Font Info:    Font shape `JT1/mc/bx/n' in size <14.4> not available
(Font)              Font shape `JT1/gt/m/n' tried instead on input line 10.
LaTeX Font Info:    Font shape `JY1/mc/bx/n' in size <14.4> not available
(Font)              Font shape `JY1/gt/m/n' tried instead on input line 10.
 (./CocktailRecipe.toc
LaTeX Font Info:    Font shape `JT1/mc/bx/n' in size <10.95> not available
(Font)              Font shape `JT1/gt/m/n' tried instead on input line 1.
LaTeX Font Info:    Font shape `JY1/mc/bx/n' in size <10.95> not available
(Font)              Font shape `JY1/gt/m/n' tried instead on input line 1.
LaTeX Font Info:    Try loading font information for U+msa on input line 2.

(/opt/local/share/texmf-texlive/tex/latex/amsfonts/umsa.fd
File: umsa.fd 2013/01/14 v3.01 AMS symbols A
)
LaTeX Font Info:    Try loading font information for U+msb on input line 2.

(/opt/local/share/texmf-texlive/tex/latex/amsfonts/umsb.fd
File: umsb.fd 2013/01/14 v3.01 AMS symbols B
)
LaTeX Font Info:    Try loading font information for U+rsfs on input line 2.

(/opt/local/share/texmf-texlive/tex/latex/jknapltx/ursfs.fd
File: ursfs.fd 1998/03/24 rsfs font definition file (jk)
) [1

] [2])
\tf@toc=\write3
\openout3 = `CocktailRecipe.toc'.

 [3]
(./GinBase/DryMartini.tex
LaTeX Font Info:    Font shape `JT1/mc/bx/n' in size <12> not available
(Font)              Font shape `JT1/gt/m/n' tried instead on input line 1.
LaTeX Font Info:    Font shape `JY1/mc/bx/n' in size <12> not available
(Font)              Font shape `JY1/gt/m/n' tried instead on input line 1.
File: capital_a.png Graphic file (type bmp)
<capital_a.png>
LaTeX Font Info:    Try loading font information for OMS+cmr on input line 10.

(/opt/local/share/texmf-texlive/tex/latex/base/omscmr.fd
File: omscmr.fd 2014/09/29 v2.5h Standard LaTeX font definitions
)
LaTeX Font Info:    Font shape `OMS/cmr/m/n' in size <10.95> not available
(Font)              Font shape `OMS/cmsy/m/n' tried instead on input line 10.


LaTeX Font Warning: Font shape `JT1/mc/m/it' undefined
(Font)              using `JT1/mc/m/n' instead on input line 15.


LaTeX Font Warning: Font shape `JY1/mc/m/it' undefined
(Font)              using `JY1/mc/m/n' instead on input line 15.

) (./GinBase/Parisian.tex
File: capital_a.png Graphic file (type bmp)
<capital_a.png>
) (./GinBase/Saketini.tex)
(./GinBase/WhiteLadyJapan.tex) [4

] (./GinBase/WhiteLadyEurope.tex
File: cocktail_glass_snow.jpg Graphic file (type bmp)
<cocktail_glass_snow.jpg>
)
(./GinBase/PinkLady.tex
File: cocktail_glass_snow.jpg Graphic file (type bmp)
<cocktail_glass_snow.jpg>
) (./GinBase/PinkLadyEurope.tex
File: cocktail_glass_snow.jpg Graphic file (type bmp)
<cocktail_glass_snow.jpg>
)
(./GinBase/WaikikiBeachcomber.tex) [5

] (./GinBase/Hawaiian.tex)
(./GinBase/Wallick.tex
File: capital_a.png Graphic file (type bmp)
<capital_a.png>
) (./GinBase/A1.tex) (./GinBase/Rosenkabalier.tex)
[6

] (./GinBase/SilverBullet.tex) (./GinBase/GrenadineFizz.tex
File: cocktail_glass_tall.png Graphic file (type bmp)
<cocktail_glass_tall.png>
)
(./GinBase/Negroni.tex
File: cocktail_glass_rock.png Graphic file (type bmp)
<cocktail_glass_rock.png>
File: capital_a.png Graphic file (type bmp)
<capital_a.png>
) (./GinBase/NightmareRed.tex
File: cocktail_glass_rock.png Graphic file (type bmp)
<cocktail_glass_rock.png>
File: capital_a.png Graphic file (type bmp)
<capital_a.png>
) [7

] (./GinBase/QE2.tex
File: cocktail_glass_tall.png Graphic file (type bmp)
<cocktail_glass_tall.png>
)
(./GinBase/GinTonic.tex
File: cocktail_glass_tall.png Graphic file (type bmp)
<cocktail_glass_tall.png>
File: capital_a.png Graphic file (type bmp)
<capital_a.png>
) (./GinBase/Gimlet.tex
Underfull \hbox (badness 10000) in paragraph at lines 17--1

 []

File: cocktail_glass_tall.png Graphic file (type bmp)
<cocktail_glass_tall.png>
File: capital_a.png Graphic file (type bmp)
<capital_a.png>
) (./GinBase/Ieyasu.tex
File: cocktail_glass_tall.png Graphic file (type bmp)
<cocktail_glass_tall.png>
File: capital_a.png Graphic file (type bmp)
<capital_a.png>
) [8

] (./GinBase/PinkPussycat.tex) [9

]
(./VodkaBase/MoscowMule.tex
File: cocktail_glass_tall.png Graphic file (type bmp)
<cocktail_glass_tall.png>
File: capital_a.png Graphic file (type bmp)
<capital_a.png>
) (./VodkaBase/VodkaGimlet.tex
File: capital_a.png Graphic file (type bmp)
<capital_a.png>
)
(./VodkaBase/Kamikaze.tex
File: cocktail_glass_rock.png Graphic file (type bmp)
<cocktail_glass_rock.png>
) (./VodkaBase/Tovarisch.tex) [10

]
(./VodkaBase/Screwdriver.tex
File: cocktail_glass_tall.png Graphic file (type bmp)
<cocktail_glass_tall.png>
) (./VodkaBase/ItalianChampagne.tex
File: cocktail_glass_flute.png Graphic file (type bmp)
<cocktail_glass_flute.png>
File: capital_a.png Graphic file (type bmp)
<capital_a.png>
)
(./VodkaBase/Yukiguni.tex) (./VodkaBase/SaltyDog.tex
File: cocktail_glass_tall.png Graphic file (type bmp)
<cocktail_glass_tall.png>
) [11

]
(./VodkaBase/Balalaika.tex) (./VodkaBase/RussianBallet.tex
File: cocktail_glass_snow.jpg Graphic file (type bmp)
<cocktail_glass_snow.jpg>
)
Underfull \hbox (badness 10000) in paragraph at lines 16--57

 []

[12

] (./TequilaBase/Margarita.tex
File: cocktail_glass_snow.jpg Graphic file (type bmp)
<cocktail_glass_snow.jpg>
File: capital_a.png Graphic file (type bmp)
<capital_a.png>
) (./TequilaBase/FrozenMargarita.tex
File: cocktail_glass_snow.jpg Graphic file (type bmp)
<cocktail_glass_snow.jpg>
)
(./TequilaBase/IceBreaker.tex
File: cocktail_glass_tall.png Graphic file (type bmp)
<cocktail_glass_tall.png>
) (./TequilaBase/FrenchCactus.tex
File: cocktail_glass_rock.png Graphic file (type bmp)
<cocktail_glass_rock.png>
) [13

]
(./TequilaBase/Conchita.tex
File: cocktail_glass_rock.png Graphic file (type bmp)
<cocktail_glass_rock.png>
File: cocktail_glass_tall.png Graphic file (type bmp)
<cocktail_glass_tall.png>
) (./TequilaBase/Cyclamen.tex)
(./TequilaBase/TequilaSunrise.tex
File: cocktail_glass_tall.png Graphic file (type bmp)
<cocktail_glass_tall.png>
) (./TequilaBase/BroadwayThirst.tex) [14

]
(./TequilaBase/Matador.tex) (./TequilaBase/TequilaDaisy.tex
File: cocktail_glass_sour.png Graphic file (type bmp)
<cocktail_glass_sour.png>
)
(./TequilaBase/Mexican.tex) (./TequilaBase/ElDorado.tex
File: cocktail_glass_tall.png Graphic file (type bmp)
<cocktail_glass_tall.png>
) [15

]
(./TequilaBase/TequilaSunstroke.tex
File: cocktail_glass_tall.png Graphic file (type bmp)
<cocktail_glass_tall.png>
) (./TequilaBase/TequilaMartini.tex
File: capital_a.png Graphic file (type bmp)
<capital_a.png>
)
(./TequilaBase/ElDiablo.tex
File: cocktail_glass_tall.png Graphic file (type bmp)
<cocktail_glass_tall.png>
) (./TequilaBase/MexicanElDiablo.tex
File: cocktail_glass_tall.png Graphic file (type bmp)
<cocktail_glass_tall.png>
)
Underfull \hbox (badness 10000) in paragraph at lines 19--80

 []

[16

] (./RumBase/Bacardi.tex) (./RumBase/Larchmont.tex
File: cocktail_glass_snow.jpg Graphic file (type bmp)
<cocktail_glass_snow.jpg>
)
(./RumBase/TongaPunch.tex
File: cocktail_glass_tall.png Graphic file (type bmp)
<cocktail_glass_tall.png>
) (./RumBase/Daiquiri.tex
File: capital_a.png Graphic file (type bmp)
<capital_a.png>
) [17

]
(./RumBase/Acapulco.tex
File: cocktail_glass_tall.png Graphic file (type bmp)
<cocktail_glass_tall.png>
File: cocktail_glass_rock.png Graphic file (type bmp)
<cocktail_glass_rock.png>
) (./RumBase/ElPresidenteJapan.tex)
(./RumBase/ElPresidenteCuba.tex) (./RumBase/XYZ.tex
Underfull \hbox (badness 10000) in paragraph at lines 14--1

 []

) [18

] (./RumBase/Mojito.tex
File: cocktail_glass_tall.png Graphic file (type bmp)
<cocktail_glass_tall.png>
File: capital_a.png Graphic file (type bmp)
<capital_a.png>
) [19

] (./WineBase/AmericanLemonade.tex
File: cocktail_glass_tall.png Graphic file (type bmp)
<cocktail_glass_tall.png>
)
(./WineBase/Operator.tex
File: cocktail_glass_tall.png Graphic file (type bmp)
<cocktail_glass_tall.png>
) (./WineBase/Kir.tex
Underfull \hbox (badness 10000) in paragraph at lines 17--1

 []

File: cocktail_glass_sour.png Graphic file (type bmp)
<cocktail_glass_sour.png>
File: capital_a.png Graphic file (type bmp)
<capital_a.png>
) (./WineBase/KirRoyale.tex
File: cocktail_glass_flute.png Graphic file (type bmp)
<cocktail_glass_flute.png>
File: capital_a.png Graphic file (type bmp)
<capital_a.png>
) [20

] (./WineBase/Sangria.tex
File: cocktail_glass_sour.png Graphic file (type bmp)
<cocktail_glass_sour.png>
)
Underfull \hbox (badness 10000) in paragraph at lines 21--110

 []

[21

] (./BeerBase/CampariBeer.tex
File: tumbler.png Graphic file (type bmp)
<tumbler.png>
File: capital_a.png Graphic file (type bmp)
<capital_a.png>
) (./BeerBase/IrishBackFire.tex
File: tumbler.png Graphic file (type bmp)
<tumbler.png>
) [22

]
(./SakeBase/Samurai.tex
File: cocktail_glass_rock.png Graphic file (type bmp)
<cocktail_glass_rock.png>
) (./SakeBase/Sakenic.tex
File: cocktail_glass_tall.png Graphic file (type bmp)
<cocktail_glass_tall.png>
) (./SakeBase/SakeSour.tex
File: cocktail_glass_tall.png Graphic file (type bmp)
<cocktail_glass_tall.png>
)
(./SakeBase/Nadeshiko.tex
Underfull \hbox (badness 10000) in paragraph at lines 18--1

 []

) [23

] (./SakeBase/Seiryu.tex
File: cocktail_glass_rock.png Graphic file (type bmp)
<cocktail_glass_rock.png>
) (./SakeBase/SakeYogurt.tex
File: cocktail_glass_rock.png Graphic file (type bmp)
<cocktail_glass_rock.png>
)
(./SakeBase/YogurtPine.tex
File: cocktail_glass_rock.png Graphic file (type bmp)
<cocktail_glass_rock.png>
) (./SakeBase/Shirayukihime.tex)
Underfull \hbox (badness 10000) in paragraph at lines 13--127

 []

[24

] (./SakeBase/SaltyGrapefruit.tex
File: cocktail_glass_rock.png Graphic file (type bmp)
<cocktail_glass_rock.png>
) (./SakeBase/OrangeBreeze.tex
File: cocktail_glass_tall.png Graphic file (type bmp)
<cocktail_glass_tall.png>
)
(./SakeBase/Saquerinha.tex
Underfull \hbox (badness 10000) in paragraph at lines 16--1

 []

File: cocktail_glass_rock.png Graphic file (type bmp)
<cocktail_glass_rock.png>
) (./SakeBase/SakeChampagneMojito.tex
Underfull \hbox (badness 10000) in paragraph at lines 17--1

 []

File: cocktail_glass_tall.png Graphic file (type bmp)
<cocktail_glass_tall.png>
File: capital_a.png Graphic file (type bmp)
<capital_a.png>
) [25

] (./Others/Acapulco.tex
File: cocktail_glass_tall.png Graphic file (type bmp)
<cocktail_glass_tall.png>
File: cocktail_glass_rock.png Graphic file (type bmp)
<cocktail_glass_rock.png>
) (./Others/VermouthCuracao.tex)
(./Others/Beretta.tex) (./Others/Americano.tex
File: cocktail_glass_tall.png Graphic file (type bmp)
<cocktail_glass_tall.png>
File: cocktail_glass_rock.png Graphic file (type bmp)
<cocktail_glass_rock.png>
File: capital_a.png Graphic file (type bmp)
<capital_a.png>
) [26

] (./Others/Spumoni.tex
File: cocktail_glass_tall.png Graphic file (type bmp)
<cocktail_glass_tall.png>
File: cocktail_glass_rock.png Graphic file (type bmp)
<cocktail_glass_rock.png>
File: capital_a.png Graphic file (type bmp)
<capital_a.png>
)
(./Others/PinkeySour.tex
File: cocktail_glass_tall.png Graphic file (type bmp)
<cocktail_glass_tall.png>
File: capital_a.png Graphic file (type bmp)
<capital_a.png>
) (./Others/LongIslandIcetea.tex
Underfull \hbox (badness 10000) in paragraph at lines 18--1

 []

File: cocktail_glass_tall.png Graphic file (type bmp)
<cocktail_glass_tall.png>
) (./Others/Zeus.tex
File: cocktail_glass_rock.png Graphic file (type bmp)
<cocktail_glass_rock.png>
File: capital_a.png Graphic file (type bmp)
<capital_a.png>
) [27

] (./Others/BabyKir.tex
File: cocktail_glass_flute.png Graphic file (type bmp)
<cocktail_glass_flute.png>
File: capital_a.png Graphic file (type bmp)
<capital_a.png>
) (./Others/CassisMilk.tex
File: cocktail_glass_tall.png Graphic file (type bmp)
<cocktail_glass_tall.png>
)
Underfull \hbox (badness 10000) in paragraph at lines 15--149

 []

[28

] (./NonAlcohol/Cinderella.tex
File: cocktail_glass_snow.jpg Graphic file (type bmp)
<cocktail_glass_snow.jpg>
) (./NonAlcohol/FruitPunch.tex
File: cocktail_glass_tall.png Graphic file (type bmp)
<cocktail_glass_tall.png>
)
(./NonAlcohol/ShirleyTemple.tex
File: cocktail_glass_tall.png Graphic file (type bmp)
<cocktail_glass_tall.png>
) (./NonAlcohol/SaratogaCooler.tex
File: cocktail_glass_tall.png Graphic file (type bmp)
<cocktail_glass_tall.png>
) [29

]
(./NonAlcohol/VirginMojito.tex
File: cocktail_glass_tall.png Graphic file (type bmp)
<cocktail_glass_tall.png>
) (./NonAlcohol/SummerDelight.tex
File: cocktail_glass_tall.png Graphic file (type bmp)
<cocktail_glass_tall.png>
)
(./NonAlcohol/PussyCat.tex
Underfull \hbox (badness 10000) in paragraph at lines 18--1

 []

File: cocktail_glass_sour.png Graphic file (type bmp)
<cocktail_glass_sour.png>
) (./NonAlcohol/VirginStrawberryDaiquiri.tex) [30

]
(./NonAlcohol/VirginStrawberryMargarita.tex)
(./NonAlcohol/VirginStrawberryMojito.tex
File: cocktail_glass_tall.png Graphic file (type bmp)
<cocktail_glass_tall.png>
) [31

] (./CocktailRecipe.aux)

LaTeX Font Warning: Some font shapes were not available, defaults substituted.

 ) 
Here is how much of TeX's memory you used:
 4161 strings out of 494160
 55995 string characters out of 6162341
 135395 words of memory out of 5000000
 7685 multiletter control sequences out of 15000+600000
 20339 words of font info for 81 fonts, out of 8000000 for 9000
 218 hyphenation exceptions out of 8191
 38i,9n,43p,895b,258s stack positions out of 5000i,500n,10000p,200000b,80000s

Output written on CocktailRecipe.dvi (31 pages, 128752 bytes).
